Build started 2014-12-09 01:20:08.
     1>Project "C:\Users\Ola\Desktop\clean - Copy\winProj\LudumDare31.vcxproj" on node 2 (Build target(s)).
     1>ClCompile:
         C:\Program Files (x86)\Microsoft Visual Studio 12.0\VC\bin\x86_amd64\CL.exe /c /I../include /I../include/glm /I../include/SFML /Zi /nologo /W3 /WX- /sdl /O2 /Oi /GL /D _MBCS /Gm- /EHsc /MD /GS /Gy /fp:precise /Zc:wchar_t /Zc:forScope /Fo"x64\Release\\" /Fd"x64\Release\vc120.pdb" /Gd /TP /errorReport:prompt ..\src\asset\RoomLayouts.cpp ..\src\game\Ball.cpp ..\src\game\Door.cpp ..\src\game\Entity.cpp ..\src\game\Game.cpp ..\src\game\JumpPlate.cpp ..\src\game\Player.cpp ..\src\game\Room.cpp ..\src\game\Wall.cpp ..\src\Main.cpp ..\src\utility\Text.cpp
         RoomLayouts.cpp
         Ball.cpp
         Door.cpp
         Entity.cpp
         Game.cpp
         JumpPlate.cpp
         Player.cpp
         Room.cpp
         Wall.cpp
         Main.cpp
         Text.cpp
       Link:
         C:\Program Files (x86)\Microsoft Visual Studio 12.0\VC\bin\x86_amd64\link.exe /ERRORREPORT:PROMPT /OUT:"C:\Users\Ola\Desktop\clean - Copy\winProj\x64\Release\LudumDare31.exe" /NOLOGO /LIBPATH:../lib/SFML "sfml-system.lib" "sfml-window.lib" "sfml-graphics.lib" kernel32.lib user32.lib gdi32.lib winspool.lib comdlg32.lib advapi32.lib shell32.lib ole32.lib oleaut32.lib uuid.lib odbc32.lib odbccp32.lib kernel32.lib user32.lib gdi32.lib winspool.lib comdlg32.lib advapi32.lib shell32.lib ole32.lib oleaut32.lib uuid.lib odbc32.lib odbccp32.lib /MANIFEST /MANIFESTUAC:"level='asInvoker' uiAccess='false'" /manifest:embed /DEBUG /PDB:"C:\Users\Ola\Desktop\clean - Copy\winProj\x64\Release\LudumDare31.pdb" /OPT:REF /OPT:ICF /LTCG /TLBID:1 /DYNAMICBASE /NXCOMPAT /IMPLIB:"C:\Users\Ola\Desktop\clean - Copy\winProj\x64\Release\LudumDare31.lib" /MACHINE:X64 x64\Release\RoomLayouts.obj
         x64\Release\Ball.obj
         x64\Release\Door.obj
         x64\Release\Entity.obj
         x64\Release\Game.obj
         x64\Release\JumpPlate.obj
         x64\Release\Player.obj
         x64\Release\Room.obj
         x64\Release\Wall.obj
         x64\Release\Main.obj
         x64\Release\Text.obj
         Generating code
         Finished generating code
         LudumDare31.vcxproj -> C:\Users\Ola\Desktop\clean - Copy\winProj\x64\Release\LudumDare31.exe
     1>Done Building Project "C:\Users\Ola\Desktop\clean - Copy\winProj\LudumDare31.vcxproj" (Build target(s)).

Build succeeded.

Time Elapsed 00:00:04.73
